# JRE version: OpenJDK Runtime Environment (11.0.11+9) (build 11.0.11+9-b60-7590822)
# Java VM: OpenJDK 64-Bit Server VM (11.0.11+9-b60-7590822, mixed mode, tiered, compressed oops, g1 gc, windows-amd64)
Heap:
 garbage-first heap   total 157696K, used 129432K [0x0000000080000000, 0x0000000100000000)
  region size 1024K, 3 young (3072K), 2 survivors (2048K)
 Metaspace       used 108455K, capacity 111410K, committed 111488K, reserved 1146880K
  class space    used 13606K, capacity 14658K, committed 14720K, reserved 1048576K
GC Heap History (20 events):
Event: 119.002 GC heap before
{Heap before GC invocations=85 (full 0):
 garbage-first heap   total 157696K, used 135466K [0x0000000080000000, 0x0000000100000000)
  region size 1024K, 13 young (13312K), 2 survivors (2048K)
 Metaspace       used 104953K, capacity 107889K, committed 108032K, reserved 1142784K
  class space    used 13149K, capacity 14214K, committed 14336K, reserved 1048576K
}
Event: 119.004 GC heap after
{Heap after GC invocations=86 (full 0):
 garbage-first heap   total 157696K, used 125007K [0x0000000080000000, 0x0000000100000000)
  region size 1024K, 1 young (1024K), 1 survivors (1024K)
 Metaspace       used 104953K, capacity 107889K, committed 108032K, reserved 1142784K
  class space    used 13149K, capacity 14214K, committed 14336K, reserved 1048576K
}
Event: 119.647 GC heap before
{Heap before GC invocations=86 (full 0):
 garbage-first heap   total 157696K, used 137295K [0x0000000080000000, 0x0000000100000000)
  region size 1024K, 13 young (13312K), 1 survivors (1024K)
 Metaspace       used 105743K, capacity 108678K, committed 108800K, reserved 1144832K
  class space    used 13270K, capacity 14324K, committed 14336K, reserved 1048576K
}
Event: 119.652 GC heap after
{Heap after GC invocations=87 (full 0):
 garbage-first heap   total 157696K, used 125112K [0x0000000080000000, 0x0000000100000000)
  region size 1024K, 1 young (1024K), 1 survivors (1024K)
 Metaspace       used 105743K, capacity 108678K, committed 108800K, reserved 1144832K
  class space    used 13270K, capacity 14324K, committed 14336K, reserved 1048576K
}
Event: 120.543 GC heap before
{Heap before GC invocations=88 (full 0):
 garbage-first heap   total 157696K, used 137400K [0x0000000080000000, 0x0000000100000000)
  region size 1024K, 13 young (13312K), 1 survivors (1024K)
 Metaspace       used 106584K, capacity 109510K, committed 109696K, reserved 1144832K
  class space    used 13386K, capacity 14452K, committed 14464K, reserved 1048576K
}
Event: 120.547 GC heap after
{Heap after GC invocations=89 (full 0):
 garbage-first heap   total 157696K, used 125211K [0x0000000080000000, 0x0000000100000000)
  region size 1024K, 1 young (1024K), 1 survivors (1024K)
 Metaspace       used 106584K, capacity 109510K, committed 109696K, reserved 1144832K
  class space    used 13386K, capacity 14452K, committed 14464K, reserved 1048576K
}
Event: 121.015 GC heap before
{Heap before GC invocations=89 (full 0):
 garbage-first heap   total 157696K, used 137499K [0x0000000080000000, 0x0000000100000000)
  region size 1024K, 13 young (13312K), 1 survivors (1024K)
 Metaspace       used 107459K, capacity 110374K, committed 110592K, reserved 1144832K
  class space    used 13499K, capacity 14548K, committed 14592K, reserved 1048576K
}
Event: 121.019 GC heap after
{Heap after GC invocations=90 (full 0):
 garbage-first heap   total 157696K, used 125371K [0x0000000080000000, 0x0000000100000000)
  region size 1024K, 1 young (1024K), 1 survivors (1024K)
 Metaspace       used 107459K, capacity 110374K, committed 110592K, reserved 1144832K
  class space    used 13499K, capacity 14548K, committed 14592K, reserved 1048576K
}
Event: 121.663 GC heap before
{Heap before GC invocations=91 (full 0):
 garbage-first heap   total 157696K, used 137659K [0x0000000080000000, 0x0000000100000000)
  region size 1024K, 13 young (13312K), 1 survivors (1024K)
 Metaspace       used 108104K, capacity 111017K, committed 111232K, reserved 1146880K
  class space    used 13553K, capacity 14613K, committed 14720K, reserved 1048576K
}
Event: 121.668 GC heap after
{Heap after GC invocations=92 (full 0):
 garbage-first heap   total 157696K, used 127065K [0x0000000080000000, 0x0000000100000000)
  region size 1024K, 2 young (2048K), 2 survivors (2048K)
 Metaspace       used 108104K, capacity 111017K, committed 111232K, reserved 1146880K
  class space    used 13553K, capacity 14613K, committed 14720K, reserved 1048576K
}
Event: 122.020 GC heap before
{Heap before GC invocations=92 (full 0):
 garbage-first heap   total 157696K, used 136281K [0x0000000080000000, 0x0000000100000000)
  region size 1024K, 12 young (12288K), 2 survivors (2048K)
 Metaspace       used 108371K, capacity 111392K, committed 111488K, reserved 1146880K
  class space    used 13595K, capacity 14653K, committed 14720K, reserved 1048576K
}
Event: 122.027 GC heap after
{Heap after GC invocations=93 (full 0):
 garbage-first heap   total 157696K, used 127704K [0x0000000080000000, 0x0000000100000000)
  region size 1024K, 1 young (1024K), 1 survivors (1024K)
 Metaspace       used 108371K, capacity 111392K, committed 111488K, reserved 1146880K
  class space    used 13595K, capacity 14653K, committed 14720K, reserved 1048576K
}
Event: 122.483 GC heap before
{Heap before GC invocations=94 (full 0):
 garbage-first heap   total 157696K, used 135896K [0x0000000080000000, 0x0000000100000000)
  region size 1024K, 10 young (10240K), 1 survivors (1024K)
 Metaspace       used 108389K, capacity 111393K, committed 111488K, reserved 1146880K
  class space    used 13597K, capacity 14653K, committed 14720K, reserved 1048576K
}
Event: 122.487 GC heap after
{Heap after GC invocations=95 (full 0):
 garbage-first heap   total 157696K, used 128123K [0x0000000080000000, 0x0000000100000000)
  region size 1024K, 2 young (2048K), 2 survivors (2048K)
 Metaspace       used 108389K, capacity 111393K, committed 111488K, reserved 1146880K
  class space    used 13597K, capacity 14653K, committed 14720K, reserved 1048576K
}
Event: 122.570 GC heap before
{Heap before GC invocations=95 (full 0):
 garbage-first heap   total 157696K, used 136315K [0x0000000080000000, 0x0000000100000000)
  region size 1024K, 11 young (11264K), 2 survivors (2048K)
 Metaspace       used 108389K, capacity 111393K, committed 111488K, reserved 1146880K
  class space    used 13597K, capacity 14653K, committed 14720K, reserved 1048576K
}
Event: 122.574 GC heap after
{Heap after GC invocations=96 (full 0):
 garbage-first heap   total 157696K, used 128526K [0x0000000080000000, 0x0000000100000000)
  region size 1024K, 2 young (2048K), 2 survivors (2048K)
 Metaspace       used 108389K, capacity 111393K, committed 111488K, reserved 1146880K
  class space    used 13597K, capacity 14653K, committed 14720K, reserved 1048576K
}
Event: 123.021 GC heap before
{Heap before GC invocations=97 (full 0):
 garbage-first heap   total 157696K, used 137742K [0x0000000080000000, 0x0000000100000000)
  region size 1024K, 11 young (11264K), 2 survivors (2048K)
 Metaspace       used 108449K, capacity 111408K, committed 111488K, reserved 1146880K
  class space    used 13606K, capacity 14658K, committed 14720K, reserved 1048576K
}
Event: 123.026 GC heap after
{Heap after GC invocations=98 (full 0):
 garbage-first heap   total 157696K, used 129039K [0x0000000080000000, 0x0000000100000000)
  region size 1024K, 2 young (2048K), 2 survivors (2048K)
 Metaspace       used 108449K, capacity 111408K, committed 111488K, reserved 1146880K
  class space    used 13606K, capacity 14658K, committed 14720K, reserved 1048576K
}
Event: 123.091 GC heap before
{Heap before GC invocations=98 (full 0):
 garbage-first heap   total 157696K, used 137231K [0x0000000080000000, 0x0000000100000000)
  region size 1024K, 11 young (11264K), 2 survivors (2048K)
 Metaspace       used 108453K, capacity 111410K, committed 111488K, reserved 1146880K
  class space    used 13606K, capacity 14658K, committed 14720K, reserved 1048576K
}
Event: 123.097 GC heap after
{Heap after GC invocations=99 (full 0):
 garbage-first heap   total 157696K, used 129432K [0x0000000080000000, 0x0000000100000000)
  region size 1024K, 2 young (2048K), 2 survivors (2048K)
 Metaspace       used 108453K, capacity 111410K, committed 111488K, reserved 1146880K
  class space    used 13606K, capacity 14658K, committed 14720K, reserved 1048576K
}

