# JRE version: OpenJDK Runtime Environment (11.0.11+9) (build 11.0.11+9-b60-7590822)
# Java VM: OpenJDK 64-Bit Server VM (11.0.11+9-b60-7590822, mixed mode, tiered, compressed oops, g1 gc, windows-amd64)
Heap:
 garbage-first heap   total 428032K, used 187249K [0x0000000080000000, 0x0000000100000000)
  region size 1024K, 5 young (5120K), 5 survivors (5120K)
 Metaspace       used 113550K, capacity 116553K, committed 116812K, reserved 1150976K
  class space    used 14255K, capacity 15349K, committed 15436K, reserved 1048576K
GC Heap History (20 events):
Event: 85.838 GC heap after
{Heap after GC invocations=85 (full 0):
 garbage-first heap   total 236544K, used 152787K [0x0000000080000000, 0x0000000100000000)
  region size 1024K, 6 young (6144K), 6 survivors (6144K)
 Metaspace       used 108110K, capacity 110928K, committed 111052K, reserved 1146880K
  class space    used 13431K, capacity 14442K, committed 14540K, reserved 1048576K
}
Event: 85.966 GC heap before
{Heap before GC invocations=85 (full 0):
 garbage-first heap   total 236544K, used 192723K [0x0000000080000000, 0x0000000100000000)
  region size 1024K, 45 young (46080K), 6 survivors (6144K)
 Metaspace       used 108333K, capacity 111139K, committed 111308K, reserved 1146880K
  class space    used 13479K, capacity 14491K, committed 14540K, reserved 1048576K
}
Event: 86.018 GC heap after
{Heap after GC invocations=86 (full 0):
 garbage-first heap   total 236544K, used 160139K [0x0000000080000000, 0x0000000100000000)
  region size 1024K, 6 young (6144K), 6 survivors (6144K)
 Metaspace       used 108333K, capacity 111139K, committed 111308K, reserved 1146880K
  class space    used 13479K, capacity 14491K, committed 14540K, reserved 1048576K
}
Event: 86.256 GC heap before
{Heap before GC invocations=86 (full 0):
 garbage-first heap   total 236544K, used 194955K [0x0000000080000000, 0x0000000100000000)
  region size 1024K, 40 young (40960K), 6 survivors (6144K)
 Metaspace       used 108409K, capacity 111235K, committed 111308K, reserved 1146880K
  class space    used 13486K, capacity 14523K, committed 14540K, reserved 1048576K
}
Event: 86.300 GC heap after
{Heap after GC invocations=87 (full 0):
 garbage-first heap   total 236544K, used 167067K [0x0000000080000000, 0x0000000100000000)
  region size 1024K, 5 young (5120K), 5 survivors (5120K)
 Metaspace       used 108409K, capacity 111235K, committed 111308K, reserved 1146880K
  class space    used 13486K, capacity 14523K, committed 14540K, reserved 1048576K
}
Event: 86.678 GC heap before
{Heap before GC invocations=87 (full 0):
 garbage-first heap   total 236544K, used 196763K [0x0000000080000000, 0x0000000100000000)
  region size 1024K, 34 young (34816K), 5 survivors (5120K)
 Metaspace       used 108344K, capacity 111076K, committed 111692K, reserved 1146880K
  class space    used 13435K, capacity 14393K, committed 14668K, reserved 1048576K
}
Event: 86.703 GC heap after
{Heap after GC invocations=88 (full 0):
 garbage-first heap   total 236544K, used 172555K [0x0000000080000000, 0x0000000100000000)
  region size 1024K, 5 young (5120K), 5 survivors (5120K)
 Metaspace       used 108344K, capacity 111076K, committed 111692K, reserved 1146880K
  class space    used 13435K, capacity 14393K, committed 14668K, reserved 1048576K
}
Event: 87.117 GC heap before
{Heap before GC invocations=89 (full 0):
 garbage-first heap   total 236544K, used 199179K [0x0000000080000000, 0x0000000100000000)
  region size 1024K, 31 young (31744K), 5 survivors (5120K)
 Metaspace       used 108690K, capacity 111425K, committed 111948K, reserved 1146880K
  class space    used 13501K, capacity 14468K, committed 14668K, reserved 1048576K
}
Event: 87.145 GC heap after
{Heap after GC invocations=90 (full 0):
 garbage-first heap   total 322560K, used 177152K [0x0000000080000000, 0x0000000100000000)
  region size 1024K, 4 young (4096K), 4 survivors (4096K)
 Metaspace       used 108690K, capacity 111425K, committed 111948K, reserved 1146880K
  class space    used 13501K, capacity 14468K, committed 14668K, reserved 1048576K
}
Event: 87.366 GC heap before
{Heap before GC invocations=90 (full 0):
 garbage-first heap   total 322560K, used 188416K [0x0000000080000000, 0x0000000100000000)
  region size 1024K, 15 young (15360K), 4 survivors (4096K)
 Metaspace       used 109519K, capacity 112281K, committed 112588K, reserved 1146880K
  class space    used 13685K, capacity 14681K, committed 14796K, reserved 1048576K
}
Event: 87.381 GC heap after
{Heap after GC invocations=91 (full 0):
 garbage-first heap   total 322560K, used 179207K [0x0000000080000000, 0x0000000100000000)
  region size 1024K, 2 young (2048K), 2 survivors (2048K)
 Metaspace       used 109519K, capacity 112281K, committed 112588K, reserved 1146880K
  class space    used 13685K, capacity 14681K, committed 14796K, reserved 1048576K
}
Event: 88.888 GC heap before
{Heap before GC invocations=91 (full 0):
 garbage-first heap   total 322560K, used 234503K [0x0000000080000000, 0x0000000100000000)
  region size 1024K, 57 young (58368K), 2 survivors (2048K)
 Metaspace       used 111562K, capacity 114463K, committed 114636K, reserved 1148928K
  class space    used 14010K, capacity 15044K, committed 15052K, reserved 1048576K
}
Event: 88.905 GC heap after
{Heap after GC invocations=92 (full 0):
 garbage-first heap   total 322560K, used 183202K [0x0000000080000000, 0x0000000100000000)
  region size 1024K, 6 young (6144K), 6 survivors (6144K)
 Metaspace       used 111562K, capacity 114463K, committed 114636K, reserved 1148928K
  class space    used 14010K, capacity 15044K, committed 15052K, reserved 1048576K
}
Event: 89.358 GC heap before
{Heap before GC invocations=92 (full 0):
 garbage-first heap   total 322560K, used 242594K [0x0000000080000000, 0x0000000100000000)
  region size 1024K, 64 young (65536K), 6 survivors (6144K)
 Metaspace       used 112422K, capacity 115344K, committed 115660K, reserved 1148928K
  class space    used 14134K, capacity 15182K, committed 15308K, reserved 1048576K
}
Event: 89.367 GC heap after
{Heap after GC invocations=93 (full 0):
 garbage-first heap   total 322560K, used 184631K [0x0000000080000000, 0x0000000100000000)
  region size 1024K, 2 young (2048K), 2 survivors (2048K)
 Metaspace       used 112422K, capacity 115344K, committed 115660K, reserved 1148928K
  class space    used 14134K, capacity 15182K, committed 15308K, reserved 1048576K
}
Event: 89.792 GC heap before
{Heap before GC invocations=93 (full 0):
 garbage-first heap   total 322560K, used 247095K [0x0000000080000000, 0x0000000100000000)
  region size 1024K, 63 young (64512K), 2 survivors (2048K)
 Metaspace       used 112783K, capacity 115713K, committed 115916K, reserved 1150976K
  class space    used 14167K, capacity 15242K, committed 15308K, reserved 1048576K
}
Event: 89.798 GC heap after
{Heap after GC invocations=94 (full 0):
 garbage-first heap   total 322560K, used 185884K [0x0000000080000000, 0x0000000100000000)
  region size 1024K, 3 young (3072K), 3 survivors (3072K)
 Metaspace       used 112783K, capacity 115713K, committed 115916K, reserved 1150976K
  class space    used 14167K, capacity 15242K, committed 15308K, reserved 1048576K
}
Event: 90.279 GC heap before
{Heap before GC invocations=94 (full 0):
 garbage-first heap   total 322560K, used 251420K [0x0000000080000000, 0x0000000100000000)
  region size 1024K, 67 young (68608K), 3 survivors (3072K)
 Metaspace       used 113293K, capacity 116306K, committed 116556K, reserved 1150976K
  class space    used 14220K, capacity 15311K, committed 15436K, reserved 1048576K
}
Event: 90.291 GC heap after
{Heap after GC invocations=95 (full 0):
 garbage-first heap   total 322560K, used 186792K [0x0000000080000000, 0x0000000100000000)
  region size 1024K, 4 young (4096K), 4 survivors (4096K)
 Metaspace       used 113293K, capacity 116306K, committed 116556K, reserved 1150976K
  class space    used 14220K, capacity 15311K, committed 15436K, reserved 1048576K
}
Event: 90.663 GC heap before
{Heap before GC invocations=95 (full 0):
 garbage-first heap   total 322560K, used 255400K [0x0000000080000000, 0x0000000100000000)
  region size 1024K, 71 young (72704K), 4 survivors (4096K)
 Metaspace       used 113550K, capacity 116553K, committed 116812K, reserved 1150976K
  class space    used 14255K, capacity 15349K, committed 15436K, reserved 1048576K
}

