# JRE version: OpenJDK Runtime Environment (11.0.11+9) (build 11.0.11+9-b60-7590822)
# Java VM: OpenJDK 64-Bit Server VM (11.0.11+9-b60-7590822, mixed mode, tiered, compressed oops, g1 gc, windows-amd64)
Heap:
 garbage-first heap   total 656384K, used 158720K [0x0000000080000000, 0x0000000100000000)
  region size 1024K, 8 young (8192K), 8 survivors (8192K)
 Metaspace       used 94525K, capacity 96877K, committed 97100K, reserved 1132544K
  class space    used 12156K, capacity 13043K, committed 13132K, reserved 1048576K
GC Heap History (20 events):
Event: 40.109 GC heap after
{Heap after GC invocations=42 (full 0):
 garbage-first heap   total 131072K, used 106053K [0x0000000080000000, 0x0000000100000000)
  region size 1024K, 2 young (2048K), 2 survivors (2048K)
 Metaspace       used 91496K, capacity 93699K, committed 94028K, reserved 1130496K
  class space    used 11732K, capacity 12551K, committed 12620K, reserved 1048576K
}
Event: 40.180 GC heap before
{Heap before GC invocations=42 (full 0):
 garbage-first heap   total 131072K, used 113221K [0x0000000080000000, 0x0000000100000000)
  region size 1024K, 9 young (9216K), 2 survivors (2048K)
 Metaspace       used 91543K, capacity 93763K, committed 94028K, reserved 1130496K
  class space    used 11736K, capacity 12551K, committed 12620K, reserved 1048576K
}
Event: 40.184 GC heap after
{Heap after GC invocations=43 (full 0):
 garbage-first heap   total 131072K, used 107493K [0x0000000080000000, 0x0000000100000000)
  region size 1024K, 2 young (2048K), 2 survivors (2048K)
 Metaspace       used 91543K, capacity 93763K, committed 94028K, reserved 1130496K
  class space    used 11736K, capacity 12551K, committed 12620K, reserved 1048576K
}
Event: 40.201 GC heap before
{Heap before GC invocations=43 (full 0):
 garbage-first heap   total 131072K, used 112613K [0x0000000080000000, 0x0000000100000000)
  region size 1024K, 7 young (7168K), 2 survivors (2048K)
 Metaspace       used 91544K, capacity 93763K, committed 94028K, reserved 1130496K
  class space    used 11736K, capacity 12551K, committed 12620K, reserved 1048576K
}
Event: 40.207 GC heap after
{Heap after GC invocations=44 (full 0):
 garbage-first heap   total 157696K, used 108668K [0x0000000080000000, 0x0000000100000000)
  region size 1024K, 1 young (1024K), 1 survivors (1024K)
 Metaspace       used 91544K, capacity 93763K, committed 94028K, reserved 1130496K
  class space    used 11736K, capacity 12551K, committed 12620K, reserved 1048576K
}
Event: 40.302 GC heap before
{Heap before GC invocations=44 (full 0):
 garbage-first heap   total 157696K, used 123004K [0x0000000080000000, 0x0000000100000000)
  region size 1024K, 15 young (15360K), 1 survivors (1024K)
 Metaspace       used 91625K, capacity 93827K, committed 94028K, reserved 1130496K
  class space    used 11748K, capacity 12551K, committed 12620K, reserved 1048576K
}
Event: 40.309 GC heap after
{Heap after GC invocations=45 (full 0):
 garbage-first heap   total 157696K, used 111779K [0x0000000080000000, 0x0000000100000000)
  region size 1024K, 2 young (2048K), 2 survivors (2048K)
 Metaspace       used 91625K, capacity 93827K, committed 94028K, reserved 1130496K
  class space    used 11748K, capacity 12551K, committed 12620K, reserved 1048576K
}
Event: 40.441 GC heap before
{Heap before GC invocations=45 (full 0):
 garbage-first heap   total 157696K, used 126115K [0x0000000080000000, 0x0000000100000000)
  region size 1024K, 16 young (16384K), 2 survivors (2048K)
 Metaspace       used 91696K, capacity 93895K, committed 94412K, reserved 1130496K
  class space    used 11745K, capacity 12546K, committed 12748K, reserved 1048576K
}
Event: 40.451 GC heap after
{Heap after GC invocations=46 (full 0):
 garbage-first heap   total 157696K, used 115000K [0x0000000080000000, 0x0000000100000000)
  region size 1024K, 2 young (2048K), 2 survivors (2048K)
 Metaspace       used 91696K, capacity 93895K, committed 94412K, reserved 1130496K
  class space    used 11745K, capacity 12546K, committed 12748K, reserved 1048576K
}
Event: 40.522 GC heap before
{Heap before GC invocations=47 (full 0):
 garbage-first heap   total 157696K, used 128312K [0x0000000080000000, 0x0000000100000000)
  region size 1024K, 15 young (15360K), 2 survivors (2048K)
 Metaspace       used 91942K, capacity 94149K, committed 94668K, reserved 1130496K
  class space    used 11781K, capacity 12586K, committed 12748K, reserved 1048576K
}
Event: 40.530 GC heap after
{Heap after GC invocations=48 (full 0):
 garbage-first heap   total 157696K, used 117673K [0x0000000080000000, 0x0000000100000000)
  region size 1024K, 2 young (2048K), 2 survivors (2048K)
 Metaspace       used 91942K, capacity 94149K, committed 94668K, reserved 1130496K
  class space    used 11781K, capacity 12586K, committed 12748K, reserved 1048576K
}
Event: 40.594 GC heap before
{Heap before GC invocations=48 (full 0):
 garbage-first heap   total 157696K, used 129961K [0x0000000080000000, 0x0000000100000000)
  region size 1024K, 14 young (14336K), 2 survivors (2048K)
 Metaspace       used 92312K, capacity 94533K, committed 94924K, reserved 1132544K
  class space    used 11843K, capacity 12650K, committed 12748K, reserved 1048576K
}
Event: 40.618 GC heap after
{Heap after GC invocations=49 (full 0):
 garbage-first heap   total 288768K, used 119992K [0x0000000080000000, 0x0000000100000000)
  region size 1024K, 2 young (2048K), 2 survivors (2048K)
 Metaspace       used 92312K, capacity 94533K, committed 94924K, reserved 1132544K
  class space    used 11843K, capacity 12650K, committed 12748K, reserved 1048576K
}
Event: 41.277 GC heap before
{Heap before GC invocations=50 (full 0):
 garbage-first heap   total 288768K, used 170168K [0x0000000080000000, 0x0000000100000000)
  region size 1024K, 52 young (53248K), 2 survivors (2048K)
 Metaspace       used 93264K, capacity 95442K, committed 95820K, reserved 1132544K
  class space    used 11967K, capacity 12780K, committed 12876K, reserved 1048576K
}
Event: 41.308 GC heap after
{Heap after GC invocations=51 (full 0):
 garbage-first heap   total 288768K, used 129395K [0x0000000080000000, 0x0000000100000000)
  region size 1024K, 7 young (7168K), 7 survivors (7168K)
 Metaspace       used 93264K, capacity 95442K, committed 95820K, reserved 1132544K
  class space    used 11967K, capacity 12780K, committed 12876K, reserved 1048576K
}
Event: 41.703 GC heap before
{Heap before GC invocations=51 (full 0):
 garbage-first heap   total 288768K, used 180595K [0x0000000080000000, 0x0000000100000000)
  region size 1024K, 58 young (59392K), 7 survivors (7168K)
 Metaspace       used 94083K, capacity 96357K, committed 96460K, reserved 1132544K
  class space    used 12088K, capacity 12958K, committed 13004K, reserved 1048576K
}
Event: 41.732 GC heap after
{Heap after GC invocations=52 (full 0):
 garbage-first heap   total 288768K, used 138772K [0x0000000080000000, 0x0000000100000000)
  region size 1024K, 8 young (8192K), 8 survivors (8192K)
 Metaspace       used 94083K, capacity 96357K, committed 96460K, reserved 1132544K
  class space    used 12088K, capacity 12958K, committed 13004K, reserved 1048576K
}
Event: 42.001 GC heap before
{Heap before GC invocations=52 (full 0):
 garbage-first heap   total 288768K, used 192020K [0x0000000080000000, 0x0000000100000000)
  region size 1024K, 60 young (61440K), 8 survivors (8192K)
 Metaspace       used 94408K, capacity 96697K, committed 96844K, reserved 1132544K
  class space    used 12141K, capacity 13004K, committed 13132K, reserved 1048576K
}
Event: 42.026 GC heap after
{Heap after GC invocations=53 (full 0):
 garbage-first heap   total 288768K, used 148650K [0x0000000080000000, 0x0000000100000000)
  region size 1024K, 8 young (8192K), 8 survivors (8192K)
 Metaspace       used 94408K, capacity 96697K, committed 96844K, reserved 1132544K
  class space    used 12141K, capacity 13004K, committed 13132K, reserved 1048576K
}
Event: 42.140 GC heap before
{Heap before GC invocations=53 (full 0):
 garbage-first heap   total 288768K, used 201898K [0x0000000080000000, 0x0000000100000000)
  region size 1024K, 60 young (61440K), 8 survivors (8192K)
 Metaspace       used 94525K, capacity 96877K, committed 97100K, reserved 1132544K
  class space    used 12156K, capacity 13043K, committed 13132K, reserved 1048576K
}

